[debug] [2026-03-15T09:40:19.622Z] ----------------------------------------------------------------------
[debug] [2026-03-15T09:40:19.623Z] Command:       /opt/homebrew/Cellar/node/25.8.1_1/bin/node /opt/homebrew/bin/firebase init
[debug] [2026-03-15T09:40:19.623Z] CLI Version:   15.10.0
[debug] [2026-03-15T09:40:19.623Z] Platform:      darwin
[debug] [2026-03-15T09:40:19.623Z] Node Version:  v25.8.1
[debug] [2026-03-15T09:40:19.623Z] Time:          Sun Mar 15 2026 10:40:19 GMT+0100 (Central European Standard Time)
[debug] [2026-03-15T09:40:19.623Z] ----------------------------------------------------------------------
[debug] 
[info] 
     ######## #### ########  ######## ########     ###     ######  ########
     ##        ##  ##     ## ##       ##     ##  ##   ##  ##       ##
     ######    ##  ########  ######   ########  #########  ######  ######
     ##        ##  ##    ##  ##       ##     ## ##     ##       ## ##
     ##       #### ##     ## ######## ########  ##     ##  ######  ########

You're about to initialize a Firebase project in this directory:

  /Users/xgea/Desktop/RICOTA/RICOTA

[info] 
=== Project Setup
[info] 
[info] First, let's associate this project directory with a Firebase project.
[info] You can create multiple project aliases by running firebase use --add, 
[info] 
[debug] [2026-03-15T09:43:01.103Z] > command requires scopes: ["email","openid","https://www.googleapis.com/auth/cloudplatformprojects.readonly","https://www.googleapis.com/auth/firebase","https://www.googleapis.com/auth/cloud-platform"]
[debug] [2026-03-15T09:43:01.104Z] > authorizing via signed-in user (alejandrogea2004@gmail.com)
[debug] [2026-03-15T09:43:01.105Z] Checked if tokens are valid: true, expires at: 1773571208637
[debug] [2026-03-15T09:43:01.106Z] Checked if tokens are valid: true, expires at: 1773571208637
[debug] [2026-03-15T09:43:01.107Z] >>> [apiv2][query] GET https://firebase.googleapis.com/v1beta1/projects pageSize=100
[debug] [2026-03-15T09:43:01.782Z] <<< [apiv2][status] GET https://firebase.googleapis.com/v1beta1/projects 200
[debug] [2026-03-15T09:43:01.782Z] <<< [apiv2][body] GET https://firebase.googleapis.com/v1beta1/projects [omitted]
[info] 
=== Firestore Setup
[info] i  firestore: ensuring required API firestore.googleapis.com is enabled... 
[debug] [2026-03-15T09:43:04.074Z] Checked if tokens are valid: true, expires at: 1773571208637
[debug] [2026-03-15T09:43:04.074Z] Checked if tokens are valid: true, expires at: 1773571208637
[debug] [2026-03-15T09:43:04.074Z] >>> [apiv2][query] GET https://serviceusage.googleapis.com/v1/projects/ricota-a3eca/services/firestore.googleapis.com [none]
[debug] [2026-03-15T09:43:04.074Z] >>> [apiv2][(partial)header] GET https://serviceusage.googleapis.com/v1/projects/ricota-a3eca/services/firestore.googleapis.com  x-goog-user-project=ricota-a3eca
[debug] [2026-03-15T09:43:04.953Z] <<< [apiv2][status] GET https://serviceusage.googleapis.com/v1/projects/ricota-a3eca/services/firestore.googleapis.com 200
[debug] [2026-03-15T09:43:04.953Z] <<< [apiv2][body] GET https://serviceusage.googleapis.com/v1/projects/ricota-a3eca/services/firestore.googleapis.com [omitted]
[warn] ⚠  firestore: missing required API firestore.googleapis.com. Enabling now... 
[debug] [2026-03-15T09:43:04.954Z] Checked if tokens are valid: true, expires at: 1773571208637
[debug] [2026-03-15T09:43:04.954Z] Checked if tokens are valid: true, expires at: 1773571208637
[debug] [2026-03-15T09:43:04.954Z] >>> [apiv2][query] POST https://serviceusage.googleapis.com/v1/projects/ricota-a3eca/services/firestore.googleapis.com:enable [none]
[debug] [2026-03-15T09:43:04.955Z] >>> [apiv2][(partial)header] POST https://serviceusage.googleapis.com/v1/projects/ricota-a3eca/services/firestore.googleapis.com:enable  x-goog-user-project=ricota-a3eca
[debug] [2026-03-15T09:43:05.666Z] <<< [apiv2][status] POST https://serviceusage.googleapis.com/v1/projects/ricota-a3eca/services/firestore.googleapis.com:enable 200
[debug] [2026-03-15T09:43:05.666Z] <<< [apiv2][body] POST https://serviceusage.googleapis.com/v1/projects/ricota-a3eca/services/firestore.googleapis.com:enable [omitted]
[debug] [2026-03-15T09:43:15.678Z] Checked if tokens are valid: true, expires at: 1773571208637
[debug] [2026-03-15T09:43:15.678Z] Checked if tokens are valid: true, expires at: 1773571208637
[debug] [2026-03-15T09:43:15.678Z] >>> [apiv2][query] GET https://firestore.googleapis.com/v1/projects/ricota-a3eca/databases [none]
[debug] [2026-03-15T09:43:16.317Z] <<< [apiv2][status] GET https://firestore.googleapis.com/v1/projects/ricota-a3eca/databases 200
[debug] [2026-03-15T09:43:16.317Z] <<< [apiv2][body] GET https://firestore.googleapis.com/v1/projects/ricota-a3eca/databases {}
[debug] [2026-03-15T09:43:16.318Z] Checked if tokens are valid: true, expires at: 1773571208637
[debug] [2026-03-15T09:43:16.318Z] Checked if tokens are valid: true, expires at: 1773571208637
[debug] [2026-03-15T09:43:16.318Z] >>> [apiv2][query] GET https://firestore.googleapis.com/v1/projects/ricota-a3eca/locations [none]
[debug] [2026-03-15T09:43:16.524Z] <<< [apiv2][status] GET https://firestore.googleapis.com/v1/projects/ricota-a3eca/locations 200
[debug] [2026-03-15T09:43:16.525Z] <<< [apiv2][body] GET https://firestore.googleapis.com/v1/projects/ricota-a3eca/locations {"locations":[{"name":"projects/ricota-a3eca/locations/eur3","labels":{"appengine.googleapis.com/geo":"europe-west","cloud.googleapis.com/location":"eur3","cloud.googleapis.com/geo":"eur3"},"metadata":{"@type":"type.googleapis.com/google.firestore.admin.v1.LocationMetadata"},"locationId":"eur3","displayName":"Europe"},{"name":"projects/ricota-a3eca/locations/nam5","labels":{"appengine.googleapis.com/geo":"us-central","cloud.googleapis.com/location":"nam5","cloud.googleapis.com/geo":"nam5"},"metadata":{"@type":"type.googleapis.com/google.firestore.admin.v1.LocationMetadata"},"locationId":"nam5","displayName":"United States"},{"name":"projects/ricota-a3eca/locations/nam7","labels":{"cloud.googleapis.com/location":"nam7","cloud.googleapis.com/geo":"nam7"},"metadata":{"@type":"type.googleapis.com/google.firestore.admin.v1.LocationMetadata"},"locationId":"nam7","displayName":"United States"},{"name":"projects/ricota-a3eca/locations/africa-south1","labels":{"cloud.googleapis.com/location":"africa-south1","cloud.googleapis.com/region":"africa-south1"},"metadata":{"@type":"type.googleapis.com/google.firestore.admin.v1.LocationMetadata"},"locationId":"africa-south1","displayName":"Johannesburg"},{"name":"projects/ricota-a3eca/locations/asia-east1","labels":{"appengine.googleapis.com/region":"asia-east1","cloud.googleapis.com/location":"asia-east1","cloud.googleapis.com/region":"asia-east1"},"metadata":{"@type":"type.googleapis.com/google.firestore.admin.v1.LocationMetadata"},"locationId":"asia-east1","displayName":"Taiwan"},{"name":"projects/ricota-a3eca/locations/asia-east2","labels":{"appengine.googleapis.com/region":"asia-east2","cloud.googleapis.com/location":"asia-east2","cloud.googleapis.com/region":"asia-east2"},"metadata":{"@type":"type.googleapis.com/google.firestore.admin.v1.LocationMetadata"},"locationId":"asia-east2","displayName":"Hong Kong"},{"name":"projects/ricota-a3eca/locations/asia-northeast1","labels":{"appengine.googleapis.com/region":"asia-northeast1","cloud.googleapis.com/location":"asia-northeast1","cloud.googleapis.com/region":"asia-northeast1"},"metadata":{"@type":"type.googleapis.com/google.firestore.admin.v1.LocationMetadata"},"locationId":"asia-northeast1","displayName":"Tokyo"},{"name":"projects/ricota-a3eca/locations/asia-northeast2","labels":{"appengine.googleapis.com/region":"asia-northeast2","cloud.googleapis.com/location":"asia-northeast2","cloud.googleapis.com/region":"asia-northeast2"},"metadata":{"@type":"type.googleapis.com/google.firestore.admin.v1.LocationMetadata"},"locationId":"asia-northeast2","displayName":"Osaka"},{"name":"projects/ricota-a3eca/locations/asia-northeast3","labels":{"appengine.googleapis.com/region":"asia-northeast3","cloud.googleapis.com/location":"asia-northeast3","cloud.googleapis.com/region":"asia-northeast3"},"metadata":{"@type":"type.googleapis.com/google.firestore.admin.v1.LocationMetadata"},"locationId":"asia-northeast3","displayName":"Seoul"},{"name":"projects/ricota-a3eca/locations/asia-south1","labels":{"appengine.googleapis.com/region":"asia-south1","cloud.googleapis.com/location":"asia-south1","cloud.googleapis.com/region":"asia-south1"},"metadata":{"@type":"type.googleapis.com/google.firestore.admin.v1.LocationMetadata"},"locationId":"asia-south1","displayName":"Mumbai"},{"name":"projects/ricota-a3eca/locations/asia-south2","labels":{"cloud.googleapis.com/location":"asia-south2","cloud.googleapis.com/region":"asia-south2"},"metadata":{"@type":"type.googleapis.com/google.firestore.admin.v1.LocationMetadata"},"locationId":"asia-south2","displayName":"Delhi"},{"name":"projects/ricota-a3eca/locations/asia-southeast1","labels":{"appengine.googleapis.com/region":"asia-southeast1","cloud.googleapis.com/location":"asia-southeast1","cloud.googleapis.com/region":"asia-southeast1"},"metadata":{"@type":"type.googleapis.com/google.firestore.admin.v1.LocationMetadata"},"locationId":"asia-southeast1","displayName":"Singapore"},{"name":"projects/ricota-a3eca/locations/asia-southeast2","labels":{"appengine.googleapis.com/region":"asia-southeast2","cloud.googleapis.com/location":"asia-southeast2","cloud.googleapis.com/region":"asia-southeast2"},"metadata":{"@type":"type.googleapis.com/google.firestore.admin.v1.LocationMetadata"},"locationId":"asia-southeast2","displayName":"Jakarta"},{"name":"projects/ricota-a3eca/locations/asia-southeast3","labels":{"cloud.googleapis.com/location":"asia-southeast3","cloud.googleapis.com/region":"asia-southeast3"},"metadata":{"@type":"type.googleapis.com/google.firestore.admin.v1.LocationMetadata"},"locationId":"asia-southeast3","displayName":"Bangkok"},{"name":"projects/ricota-a3eca/locations/australia-southeast1","labels":{"appengine.googleapis.com/region":"australia-southeast1","cloud.googleapis.com/location":"australia-southeast1","cloud.googleapis.com/region":"australia-southeast1"},"metadata":{"@type":"type.googleapis.com/google.firestore.admin.v1.LocationMetadata"},"locationId":"australia-southeast1","displayName":"Sydney"},{"name":"projects/ricota-a3eca/locations/australia-southeast2","labels":{"cloud.googleapis.com/location":"australia-southeast2","cloud.googleapis.com/region":"australia-southeast2"},"metadata":{"@type":"type.googleapis.com/google.firestore.admin.v1.LocationMetadata"},"locationId":"australia-southeast2","displayName":"Melbourne"},{"name":"projects/ricota-a3eca/locations/europe-central2","labels":{"appengine.googleapis.com/region":"europe-central2","cloud.googleapis.com/location":"europe-central2","cloud.googleapis.com/region":"europe-central2"},"metadata":{"@type":"type.googleapis.com/google.firestore.admin.v1.LocationMetadata"},"locationId":"europe-central2","displayName":"Warsaw"},{"name":"projects/ricota-a3eca/locations/europe-north1","labels":{"cloud.googleapis.com/location":"europe-north1","cloud.googleapis.com/region":"europe-north1"},"metadata":{"@type":"type.googleapis.com/google.firestore.admin.v1.LocationMetadata"},"locationId":"europe-north1","displayName":"Finland"},{"name":"projects/ricota-a3eca/locations/europe-north2","labels":{"cloud.googleapis.com/location":"europe-north2","cloud.googleapis.com/region":"europe-north2"},"metadata":{"@type":"type.googleapis.com/google.firestore.admin.v1.LocationMetadata"},"locationId":"europe-north2","displayName":"Stockholm"},{"name":"projects/ricota-a3eca/locations/europe-southwest1","labels":{"cloud.googleapis.com/location":"europe-southwest1","cloud.googleapis.com/region":"europe-southwest1"},"metadata":{"@type":"type.googleapis.com/google.firestore.admin.v1.LocationMetadata"},"locationId":"europe-southwest1","displayName":"Madrid"},{"name":"projects/ricota-a3eca/locations/europe-west1","labels":{"cloud.googleapis.com/location":"europe-west1","cloud.googleapis.com/region":"europe-west1"},"metadata":{"@type":"type.googleapis.com/google.firestore.admin.v1.LocationMetadata"},"locationId":"europe-west1","displayName":"Belgium"},{"name":"projects/ricota-a3eca/locations/europe-west10","labels":{"cloud.googleapis.com/location":"europe-west10","cloud.googleapis.com/region":"europe-west10"},"metadata":{"@type":"type.googleapis.com/google.firestore.admin.v1.LocationMetadata"},"locationId":"europe-west10","displayName":"Berlin"},{"name":"projects/ricota-a3eca/locations/europe-west12","labels":{"cloud.googleapis.com/location":"europe-west12","cloud.googleapis.com/region":"europe-west12"},"metadata":{"@type":"type.googleapis.com/google.firestore.admin.v1.LocationMetadata"},"locationId":"europe-west12","displayName":"Turin"},{"name":"projects/ricota-a3eca/locations/europe-west2","labels":{"appengine.googleapis.com/region":"europe-west2","cloud.googleapis.com/location":"europe-west2","cloud.googleapis.com/region":"europe-west2"},"metadata":{"@type":"type.googleapis.com/google.firestore.admin.v1.LocationMetadata"},"locationId":"europe-west2","displayName":"London"},{"name":"projects/ricota-a3eca/locations/europe-west3","labels":{"appengine.googleapis.com/region":"europe-west3","cloud.googleapis.com/location":"europe-west3","cloud.googleapis.com/region":"europe-west3"},"metadata":{"@type":"type.googleapis.com/google.firestore.admin.v1.LocationMetadata"},"locationId":"europe-west3","displayName":"Frankfurt"},{"name":"projects/ricota-a3eca/locations/europe-west4","labels":{"cloud.googleapis.com/location":"europe-west4","cloud.googleapis.com/region":"europe-west4"},"metadata":{"@type":"type.googleapis.com/google.firestore.admin.v1.LocationMetadata"},"locationId":"europe-west4","displayName":"Netherlands"},{"name":"projects/ricota-a3eca/locations/europe-west6","labels":{"appengine.googleapis.com/region":"europe-west6","cloud.googleapis.com/location":"europe-west6","cloud.googleapis.com/region":"europe-west6"},"metadata":{"@type":"type.googleapis.com/google.firestore.admin.v1.LocationMetadata"},"locationId":"europe-west6","displayName":"Zurich"},{"name":"projects/ricota-a3eca/locations/europe-west8","labels":{"cloud.googleapis.com/location":"europe-west8","cloud.googleapis.com/region":"europe-west8"},"metadata":{"@type":"type.googleapis.com/google.firestore.admin.v1.LocationMetadata"},"locationId":"europe-west8","displayName":"Milan"},{"name":"projects/ricota-a3eca/locations/europe-west9","labels":{"cloud.googleapis.com/location":"europe-west9","cloud.googleapis.com/region":"europe-west9"},"metadata":{"@type":"type.googleapis.com/google.firestore.admin.v1.LocationMetadata"},"locationId":"europe-west9","displayName":"Paris"},{"name":"projects/ricota-a3eca/locations/me-central1","labels":{"cloud.googleapis.com/location":"me-central1","cloud.googleapis.com/region":"me-central1"},"metadata":{"@type":"type.googleapis.com/google.firestore.admin.v1.LocationMetadata"},"locationId":"me-central1","displayName":"Doha"},{"name":"projects/ricota-a3eca/locations/me-central2","labels":{"cloud.googleapis.com/location":"me-central2","cloud.googleapis.com/region":"me-central2"},"metadata":{"@type":"type.googleapis.com/google.firestore.admin.v1.LocationMetadata"},"locationId":"me-central2","displayName":"Dammam"},{"name":"projects/ricota-a3eca/locations/me-west1","labels":{"cloud.googleapis.com/location":"me-west1","cloud.googleapis.com/region":"me-west1"},"metadata":{"@type":"type.googleapis.com/google.firestore.admin.v1.LocationMetadata"},"locationId":"me-west1","displayName":"Tel Aviv"},{"name":"projects/ricota-a3eca/locations/northamerica-northeast1","labels":{"appengine.googleapis.com/region":"northamerica-northeast1","cloud.googleapis.com/location":"northamerica-northeast1","cloud.googleapis.com/region":"northamerica-northeast1"},"metadata":{"@type":"type.googleapis.com/google.firestore.admin.v1.LocationMetadata"},"locationId":"northamerica-northeast1","displayName":"Montréal"},{"name":"projects/ricota-a3eca/locations/northamerica-northeast2","labels":{"cloud.googleapis.com/location":"northamerica-northeast2","cloud.googleapis.com/region":"northamerica-northeast2"},"metadata":{"@type":"type.googleapis.com/google.firestore.admin.v1.LocationMetadata"},"locationId":"northamerica-northeast2","displayName":"Toronto"},{"name":"projects/ricota-a3eca/locations/northamerica-south1","labels":{"cloud.googleapis.com/location":"northamerica-south1","cloud.googleapis.com/region":"northamerica-south1"},"metadata":{"@type":"type.googleapis.com/google.firestore.admin.v1.LocationMetadata"},"locationId":"northamerica-south1","displayName":"Mexico"},{"name":"projects/ricota-a3eca/locations/southamerica-east1","labels":{"appengine.googleapis.com/region":"southamerica-east1","cloud.googleapis.com/location":"southamerica-east1","cloud.googleapis.com/region":"southamerica-east1"},"metadata":{"@type":"type.googleapis.com/google.firestore.admin.v1.LocationMetadata"},"locationId":"southamerica-east1","displayName":"São Paulo"},{"name":"projects/ricota-a3eca/locations/southamerica-west1","labels":{"cloud.googleapis.com/location":"southamerica-west1","cloud.googleapis.com/region":"southamerica-west1"},"metadata":{"@type":"type.googleapis.com/google.firestore.admin.v1.LocationMetadata"},"locationId":"southamerica-west1","displayName":"Santiago"},{"name":"projects/ricota-a3eca/locations/us-central1","labels":{"cloud.googleapis.com/location":"us-central1","cloud.googleapis.com/region":"us-central1"},"metadata":{"@type":"type.googleapis.com/google.firestore.admin.v1.LocationMetadata"},"locationId":"us-central1","displayName":"Iowa"},{"name":"projects/ricota-a3eca/locations/us-east1","labels":{"appengine.googleapis.com/region":"us-east1","cloud.googleapis.com/location":"us-east1","cloud.googleapis.com/region":"us-east1"},"metadata":{"@type":"type.googleapis.com/google.firestore.admin.v1.LocationMetadata"},"locationId":"us-east1","displayName":"South Carolina"},{"name":"projects/ricota-a3eca/locations/us-east4","labels":{"appengine.googleapis.com/region":"us-east4","cloud.googleapis.com/location":"us-east4","cloud.googleapis.com/region":"us-east4"},"metadata":{"@type":"type.googleapis.com/google.firestore.admin.v1.LocationMetadata"},"locationId":"us-east4","displayName":"Northern Virginia"},{"name":"projects/ricota-a3eca/locations/us-east5","labels":{"cloud.googleapis.com/location":"us-east5","cloud.googleapis.com/region":"us-east5"},"metadata":{"@type":"type.googleapis.com/google.firestore.admin.v1.LocationMetadata"},"locationId":"us-east5","displayName":"Columbus"},{"name":"projects/ricota-a3eca/locations/us-south1","labels":{"cloud.googleapis.com/location":"us-south1","cloud.googleapis.com/region":"us-south1"},"metadata":{"@type":"type.googleapis.com/google.firestore.admin.v1.LocationMetadata"},"locationId":"us-south1","displayName":"Dallas"},{"name":"projects/ricota-a3eca/locations/us-west1","labels":{"appengine.googleapis.com/region":"us-west1","cloud.googleapis.com/location":"us-west1","cloud.googleapis.com/region":"us-west1"},"metadata":{"@type":"type.googleapis.com/google.firestore.admin.v1.LocationMetadata"},"locationId":"us-west1","displayName":"Oregon"},{"name":"projects/ricota-a3eca/locations/us-west2","labels":{"appengine.googleapis.com/region":"us-west2","cloud.googleapis.com/location":"us-west2","cloud.googleapis.com/region":"us-west2"},"metadata":{"@type":"type.googleapis.com/google.firestore.admin.v1.LocationMetadata"},"locationId":"us-west2","displayName":"Los Angeles"},{"name":"projects/ricota-a3eca/locations/us-west3","labels":{"appengine.googleapis.com/region":"us-west3","cloud.googleapis.com/location":"us-west3","cloud.googleapis.com/region":"us-west3"},"metadata":{"@type":"type.googleapis.com/google.firestore.admin.v1.LocationMetadata"},"locationId":"us-west3","displayName":"Salt Lake City"},{"name":"projects/ricota-a3eca/locations/us-west4","labels":{"appengine.googleapis.com/region":"us-west4","cloud.googleapis.com/location":"us-west4","cloud.googleapis.com/region":"us-west4"},"metadata":{"@type":"type.googleapis.com/google.firestore.admin.v1.LocationMetadata"},"locationId":"us-west4","displayName":"Las Vegas"}]}
[info] 
[info] Firestore Security Rules allow you to define how and when to allow
[info] requests. You can keep these rules in your project directory
[info] and publish them with firebase deploy.
[info] 
[debug] [2026-03-15T09:43:31.117Z] Checked if tokens are valid: true, expires at: 1773571208637
[debug] [2026-03-15T09:43:31.117Z] Checked if tokens are valid: true, expires at: 1773571208637
[debug] [2026-03-15T09:43:31.118Z] >>> [apiv2][query] GET https://firebaserules.googleapis.com/v1/projects/ricota-a3eca/releases pageSize=10&pageToken=
[debug] [2026-03-15T09:43:31.469Z] <<< [apiv2][status] GET https://firebaserules.googleapis.com/v1/projects/ricota-a3eca/releases 200
[debug] [2026-03-15T09:43:31.469Z] <<< [apiv2][body] GET https://firebaserules.googleapis.com/v1/projects/ricota-a3eca/releases {}
[info] 
[info] Firestore indexes allow you to perform complex queries while
[info] maintaining performance that scales with the size of the result
[info] set. You can keep index definitions in your project directory
[info] and publish them with firebase deploy.
[info] 
[debug] [2026-03-15T09:43:37.116Z] Checked if tokens are valid: true, expires at: 1773571208637
[debug] [2026-03-15T09:43:37.116Z] Checked if tokens are valid: true, expires at: 1773571208637
[debug] [2026-03-15T09:43:37.116Z] Checked if tokens are valid: true, expires at: 1773571208637
[debug] [2026-03-15T09:43:37.116Z] Checked if tokens are valid: true, expires at: 1773571208637
[debug] [2026-03-15T09:43:37.116Z] >>> [apiv2][query] GET https://firestore.googleapis.com/v1/projects/ricota-a3eca/databases/(default)/collectionGroups/-/indexes [none]
[debug] [2026-03-15T09:43:37.118Z] >>> [apiv2][query] GET https://firestore.googleapis.com/v1/projects/ricota-a3eca/databases/(default)/collectionGroups/-/fields?filter=indexConfig.usesAncestorConfig=false OR ttlConfig:* [none]
[debug] [2026-03-15T09:43:37.617Z] <<< [apiv2][status] GET https://firestore.googleapis.com/v1/projects/ricota-a3eca/databases/(default)/collectionGroups/-/indexes 404
[debug] [2026-03-15T09:43:37.618Z] <<< [apiv2][body] GET https://firestore.googleapis.com/v1/projects/ricota-a3eca/databases/(default)/collectionGroups/-/indexes {"error":{"code":404,"message":"Project 'ricota-a3eca' or database '(default)' does not exist.","status":"NOT_FOUND"}}
[info] ✔  Wrote firestore.rules 
[info] ✔  Wrote firestore.indexes.json 
[info] 
=== Hosting Setup
[debug] [2026-03-15T09:43:37.624Z] <<< [apiv2][status] GET https://firestore.googleapis.com/v1/projects/ricota-a3eca/databases/(default)/collectionGroups/-/fields?filter=indexConfig.usesAncestorConfig=false OR ttlConfig:* 404
[debug] [2026-03-15T09:43:37.624Z] <<< [apiv2][body] GET https://firestore.googleapis.com/v1/projects/ricota-a3eca/databases/(default)/collectionGroups/-/fields?filter=indexConfig.usesAncestorConfig=false OR ttlConfig:* {"error":{"code":404,"message":"Project 'ricota-a3eca' or database '(default)' does not exist.","status":"NOT_FOUND"}}
[debug] [2026-03-15T09:43:40.188Z] Checked if tokens are valid: true, expires at: 1773571208637
[debug] [2026-03-15T09:43:40.188Z] Checked if tokens are valid: true, expires at: 1773571208637
[debug] [2026-03-15T09:43:40.189Z] >>> [apiv2][query] GET https://firebase.googleapis.com/v1beta1/projects/ricota-a3eca [none]
[debug] [2026-03-15T09:43:40.586Z] <<< [apiv2][status] GET https://firebase.googleapis.com/v1beta1/projects/ricota-a3eca 200
[debug] [2026-03-15T09:43:40.586Z] <<< [apiv2][body] GET https://firebase.googleapis.com/v1beta1/projects/ricota-a3eca {"projectId":"ricota-a3eca","projectNumber":"231445083316","displayName":"Ricota","name":"projects/ricota-a3eca","resources":{"hostingSite":"ricota-a3eca"},"state":"ACTIVE","etag":"1_1b72576d-1530-4fd3-ae36-47306d4ab5fd"}
[info] 
[info] Your public directory is the folder (relative to your project directory) that
[info] will contain Hosting assets to be uploaded with firebase deploy. If you
[info] have a build process for your assets, use your build's output directory.
[info] 
[debug] [2026-03-15T09:43:58.819Z] ExitPromptError: User force closed the prompt with SIGINT
    at Interface.sigint (/opt/homebrew/lib/node_modules/firebase-tools/node_modules/@inquirer/core/dist/commonjs/lib/create-prompt.js:101:37)
    at Interface.emit (node:events:508:20)
    at [_ttyWrite] [as _ttyWrite] (node:internal/readline/interface:1327:18)
    at ReadStream.onkeypress (node:internal/readline/interface:284:20)
    at ReadStream.emit (node:events:520:22)
    at emitKeys (node:internal/readline/utils:371:14)
    at emitKeys.next (<anonymous>)
    at ReadStream.onData (node:internal/readline/emitKeypressEvents:64:36)
    at ReadStream.emit (node:events:508:20)
    at addChunk (node:internal/streams/readable:564:12)
[error] 
[error] Error: An unexpected error has occurred.
[debug] [2026-03-15T09:46:12.593Z] ----------------------------------------------------------------------
[debug] [2026-03-15T09:46:12.597Z] Command:       /opt/homebrew/Cellar/node/25.8.1_1/bin/node /opt/homebrew/bin/firebase init
[debug] [2026-03-15T09:46:12.597Z] CLI Version:   15.10.0
[debug] [2026-03-15T09:46:12.597Z] Platform:      darwin
[debug] [2026-03-15T09:46:12.597Z] Node Version:  v25.8.1
[debug] [2026-03-15T09:46:12.597Z] Time:          Sun Mar 15 2026 10:46:12 GMT+0100 (Central European Standard Time)
[debug] [2026-03-15T09:46:12.597Z] ----------------------------------------------------------------------
[debug] 
[info] 
     ######## #### ########  ######## ########     ###     ######  ########
     ##        ##  ##     ## ##       ##     ##  ##   ##  ##       ##
     ######    ##  ########  ######   ########  #########  ######  ######
     ##        ##  ##    ##  ##       ##     ## ##     ##       ## ##
     ##       #### ##     ## ######## ########  ##     ##  ######  ########

You're about to initialize a Firebase project in this directory:

  /Users/xgea/Desktop/RICOTA/RICOTA

[info] 
=== Project Setup
[info] 
[info] First, let's associate this project directory with a Firebase project.
[info] You can create multiple project aliases by running firebase use --add, 
[info] 
[debug] [2026-03-15T09:46:34.304Z] > command requires scopes: ["email","openid","https://www.googleapis.com/auth/cloudplatformprojects.readonly","https://www.googleapis.com/auth/firebase","https://www.googleapis.com/auth/cloud-platform"]
[debug] [2026-03-15T09:46:34.305Z] > authorizing via signed-in user (alejandrogea2004@gmail.com)
[debug] [2026-03-15T09:46:34.306Z] Checked if tokens are valid: true, expires at: 1773571208637
[debug] [2026-03-15T09:46:34.306Z] Checked if tokens are valid: true, expires at: 1773571208637
[debug] [2026-03-15T09:46:34.308Z] >>> [apiv2][query] GET https://firebase.googleapis.com/v1beta1/projects/ricota-a3eca [none]
[debug] [2026-03-15T09:46:34.773Z] <<< [apiv2][status] GET https://firebase.googleapis.com/v1beta1/projects/ricota-a3eca 200
[debug] [2026-03-15T09:46:34.773Z] <<< [apiv2][body] GET https://firebase.googleapis.com/v1beta1/projects/ricota-a3eca {"projectId":"ricota-a3eca","projectNumber":"231445083316","displayName":"Ricota","name":"projects/ricota-a3eca","resources":{"hostingSite":"ricota-a3eca"},"state":"ACTIVE","etag":"1_1b72576d-1530-4fd3-ae36-47306d4ab5fd"}
[info] i  Using project ricota-a3eca (Ricota) . 
[info] 
=== Firestore Setup
[info] i  firestore: ensuring required API firestore.googleapis.com is enabled... 
[debug] [2026-03-15T09:46:34.784Z] Checked if tokens are valid: true, expires at: 1773571208637
[debug] [2026-03-15T09:46:34.784Z] Checked if tokens are valid: true, expires at: 1773571208637
[debug] [2026-03-15T09:46:34.784Z] >>> [apiv2][query] GET https://firestore.googleapis.com/v1/projects/ricota-a3eca/databases [none]
[debug] [2026-03-15T09:46:35.379Z] <<< [apiv2][status] GET https://firestore.googleapis.com/v1/projects/ricota-a3eca/databases 200
[debug] [2026-03-15T09:46:35.379Z] <<< [apiv2][body] GET https://firestore.googleapis.com/v1/projects/ricota-a3eca/databases {}
[debug] [2026-03-15T09:46:35.379Z] Checked if tokens are valid: true, expires at: 1773571208637
[debug] [2026-03-15T09:46:35.379Z] Checked if tokens are valid: true, expires at: 1773571208637
[debug] [2026-03-15T09:46:35.379Z] >>> [apiv2][query] GET https://firestore.googleapis.com/v1/projects/ricota-a3eca/locations [none]
[debug] [2026-03-15T09:46:35.582Z] <<< [apiv2][status] GET https://firestore.googleapis.com/v1/projects/ricota-a3eca/locations 200
[debug] [2026-03-15T09:46:35.582Z] <<< [apiv2][body] GET https://firestore.googleapis.com/v1/projects/ricota-a3eca/locations {"locations":[{"name":"projects/ricota-a3eca/locations/eur3","labels":{"appengine.googleapis.com/geo":"europe-west","cloud.googleapis.com/location":"eur3","cloud.googleapis.com/geo":"eur3"},"metadata":{"@type":"type.googleapis.com/google.firestore.admin.v1.LocationMetadata"},"locationId":"eur3","displayName":"Europe"},{"name":"projects/ricota-a3eca/locations/nam5","labels":{"appengine.googleapis.com/geo":"us-central","cloud.googleapis.com/location":"nam5","cloud.googleapis.com/geo":"nam5"},"metadata":{"@type":"type.googleapis.com/google.firestore.admin.v1.LocationMetadata"},"locationId":"nam5","displayName":"United States"},{"name":"projects/ricota-a3eca/locations/nam7","labels":{"cloud.googleapis.com/location":"nam7","cloud.googleapis.com/geo":"nam7"},"metadata":{"@type":"type.googleapis.com/google.firestore.admin.v1.LocationMetadata"},"locationId":"nam7","displayName":"United States"},{"name":"projects/ricota-a3eca/locations/africa-south1","labels":{"cloud.googleapis.com/location":"africa-south1","cloud.googleapis.com/region":"africa-south1"},"metadata":{"@type":"type.googleapis.com/google.firestore.admin.v1.LocationMetadata"},"locationId":"africa-south1","displayName":"Johannesburg"},{"name":"projects/ricota-a3eca/locations/asia-east1","labels":{"appengine.googleapis.com/region":"asia-east1","cloud.googleapis.com/location":"asia-east1","cloud.googleapis.com/region":"asia-east1"},"metadata":{"@type":"type.googleapis.com/google.firestore.admin.v1.LocationMetadata"},"locationId":"asia-east1","displayName":"Taiwan"},{"name":"projects/ricota-a3eca/locations/asia-east2","labels":{"appengine.googleapis.com/region":"asia-east2","cloud.googleapis.com/location":"asia-east2","cloud.googleapis.com/region":"asia-east2"},"metadata":{"@type":"type.googleapis.com/google.firestore.admin.v1.LocationMetadata"},"locationId":"asia-east2","displayName":"Hong Kong"},{"name":"projects/ricota-a3eca/locations/asia-northeast1","labels":{"appengine.googleapis.com/region":"asia-northeast1","cloud.googleapis.com/location":"asia-northeast1","cloud.googleapis.com/region":"asia-northeast1"},"metadata":{"@type":"type.googleapis.com/google.firestore.admin.v1.LocationMetadata"},"locationId":"asia-northeast1","displayName":"Tokyo"},{"name":"projects/ricota-a3eca/locations/asia-northeast2","labels":{"appengine.googleapis.com/region":"asia-northeast2","cloud.googleapis.com/location":"asia-northeast2","cloud.googleapis.com/region":"asia-northeast2"},"metadata":{"@type":"type.googleapis.com/google.firestore.admin.v1.LocationMetadata"},"locationId":"asia-northeast2","displayName":"Osaka"},{"name":"projects/ricota-a3eca/locations/asia-northeast3","labels":{"appengine.googleapis.com/region":"asia-northeast3","cloud.googleapis.com/location":"asia-northeast3","cloud.googleapis.com/region":"asia-northeast3"},"metadata":{"@type":"type.googleapis.com/google.firestore.admin.v1.LocationMetadata"},"locationId":"asia-northeast3","displayName":"Seoul"},{"name":"projects/ricota-a3eca/locations/asia-south1","labels":{"appengine.googleapis.com/region":"asia-south1","cloud.googleapis.com/location":"asia-south1","cloud.googleapis.com/region":"asia-south1"},"metadata":{"@type":"type.googleapis.com/google.firestore.admin.v1.LocationMetadata"},"locationId":"asia-south1","displayName":"Mumbai"},{"name":"projects/ricota-a3eca/locations/asia-south2","labels":{"cloud.googleapis.com/location":"asia-south2","cloud.googleapis.com/region":"asia-south2"},"metadata":{"@type":"type.googleapis.com/google.firestore.admin.v1.LocationMetadata"},"locationId":"asia-south2","displayName":"Delhi"},{"name":"projects/ricota-a3eca/locations/asia-southeast1","labels":{"appengine.googleapis.com/region":"asia-southeast1","cloud.googleapis.com/location":"asia-southeast1","cloud.googleapis.com/region":"asia-southeast1"},"metadata":{"@type":"type.googleapis.com/google.firestore.admin.v1.LocationMetadata"},"locationId":"asia-southeast1","displayName":"Singapore"},{"name":"projects/ricota-a3eca/locations/asia-southeast2","labels":{"appengine.googleapis.com/region":"asia-southeast2","cloud.googleapis.com/location":"asia-southeast2","cloud.googleapis.com/region":"asia-southeast2"},"metadata":{"@type":"type.googleapis.com/google.firestore.admin.v1.LocationMetadata"},"locationId":"asia-southeast2","displayName":"Jakarta"},{"name":"projects/ricota-a3eca/locations/asia-southeast3","labels":{"cloud.googleapis.com/location":"asia-southeast3","cloud.googleapis.com/region":"asia-southeast3"},"metadata":{"@type":"type.googleapis.com/google.firestore.admin.v1.LocationMetadata"},"locationId":"asia-southeast3","displayName":"Bangkok"},{"name":"projects/ricota-a3eca/locations/australia-southeast1","labels":{"appengine.googleapis.com/region":"australia-southeast1","cloud.googleapis.com/location":"australia-southeast1","cloud.googleapis.com/region":"australia-southeast1"},"metadata":{"@type":"type.googleapis.com/google.firestore.admin.v1.LocationMetadata"},"locationId":"australia-southeast1","displayName":"Sydney"},{"name":"projects/ricota-a3eca/locations/australia-southeast2","labels":{"cloud.googleapis.com/location":"australia-southeast2","cloud.googleapis.com/region":"australia-southeast2"},"metadata":{"@type":"type.googleapis.com/google.firestore.admin.v1.LocationMetadata"},"locationId":"australia-southeast2","displayName":"Melbourne"},{"name":"projects/ricota-a3eca/locations/europe-central2","labels":{"appengine.googleapis.com/region":"europe-central2","cloud.googleapis.com/location":"europe-central2","cloud.googleapis.com/region":"europe-central2"},"metadata":{"@type":"type.googleapis.com/google.firestore.admin.v1.LocationMetadata"},"locationId":"europe-central2","displayName":"Warsaw"},{"name":"projects/ricota-a3eca/locations/europe-north1","labels":{"cloud.googleapis.com/location":"europe-north1","cloud.googleapis.com/region":"europe-north1"},"metadata":{"@type":"type.googleapis.com/google.firestore.admin.v1.LocationMetadata"},"locationId":"europe-north1","displayName":"Finland"},{"name":"projects/ricota-a3eca/locations/europe-north2","labels":{"cloud.googleapis.com/location":"europe-north2","cloud.googleapis.com/region":"europe-north2"},"metadata":{"@type":"type.googleapis.com/google.firestore.admin.v1.LocationMetadata"},"locationId":"europe-north2","displayName":"Stockholm"},{"name":"projects/ricota-a3eca/locations/europe-southwest1","labels":{"cloud.googleapis.com/location":"europe-southwest1","cloud.googleapis.com/region":"europe-southwest1"},"metadata":{"@type":"type.googleapis.com/google.firestore.admin.v1.LocationMetadata"},"locationId":"europe-southwest1","displayName":"Madrid"},{"name":"projects/ricota-a3eca/locations/europe-west1","labels":{"cloud.googleapis.com/location":"europe-west1","cloud.googleapis.com/region":"europe-west1"},"metadata":{"@type":"type.googleapis.com/google.firestore.admin.v1.LocationMetadata"},"locationId":"europe-west1","displayName":"Belgium"},{"name":"projects/ricota-a3eca/locations/europe-west10","labels":{"cloud.googleapis.com/location":"europe-west10","cloud.googleapis.com/region":"europe-west10"},"metadata":{"@type":"type.googleapis.com/google.firestore.admin.v1.LocationMetadata"},"locationId":"europe-west10","displayName":"Berlin"},{"name":"projects/ricota-a3eca/locations/europe-west12","labels":{"cloud.googleapis.com/location":"europe-west12","cloud.googleapis.com/region":"europe-west12"},"metadata":{"@type":"type.googleapis.com/google.firestore.admin.v1.LocationMetadata"},"locationId":"europe-west12","displayName":"Turin"},{"name":"projects/ricota-a3eca/locations/europe-west2","labels":{"appengine.googleapis.com/region":"europe-west2","cloud.googleapis.com/location":"europe-west2","cloud.googleapis.com/region":"europe-west2"},"metadata":{"@type":"type.googleapis.com/google.firestore.admin.v1.LocationMetadata"},"locationId":"europe-west2","displayName":"London"},{"name":"projects/ricota-a3eca/locations/europe-west3","labels":{"appengine.googleapis.com/region":"europe-west3","cloud.googleapis.com/location":"europe-west3","cloud.googleapis.com/region":"europe-west3"},"metadata":{"@type":"type.googleapis.com/google.firestore.admin.v1.LocationMetadata"},"locationId":"europe-west3","displayName":"Frankfurt"},{"name":"projects/ricota-a3eca/locations/europe-west4","labels":{"cloud.googleapis.com/location":"europe-west4","cloud.googleapis.com/region":"europe-west4"},"metadata":{"@type":"type.googleapis.com/google.firestore.admin.v1.LocationMetadata"},"locationId":"europe-west4","displayName":"Netherlands"},{"name":"projects/ricota-a3eca/locations/europe-west6","labels":{"appengine.googleapis.com/region":"europe-west6","cloud.googleapis.com/location":"europe-west6","cloud.googleapis.com/region":"europe-west6"},"metadata":{"@type":"type.googleapis.com/google.firestore.admin.v1.LocationMetadata"},"locationId":"europe-west6","displayName":"Zurich"},{"name":"projects/ricota-a3eca/locations/europe-west8","labels":{"cloud.googleapis.com/location":"europe-west8","cloud.googleapis.com/region":"europe-west8"},"metadata":{"@type":"type.googleapis.com/google.firestore.admin.v1.LocationMetadata"},"locationId":"europe-west8","displayName":"Milan"},{"name":"projects/ricota-a3eca/locations/europe-west9","labels":{"cloud.googleapis.com/location":"europe-west9","cloud.googleapis.com/region":"europe-west9"},"metadata":{"@type":"type.googleapis.com/google.firestore.admin.v1.LocationMetadata"},"locationId":"europe-west9","displayName":"Paris"},{"name":"projects/ricota-a3eca/locations/me-central1","labels":{"cloud.googleapis.com/location":"me-central1","cloud.googleapis.com/region":"me-central1"},"metadata":{"@type":"type.googleapis.com/google.firestore.admin.v1.LocationMetadata"},"locationId":"me-central1","displayName":"Doha"},{"name":"projects/ricota-a3eca/locations/me-central2","labels":{"cloud.googleapis.com/location":"me-central2","cloud.googleapis.com/region":"me-central2"},"metadata":{"@type":"type.googleapis.com/google.firestore.admin.v1.LocationMetadata"},"locationId":"me-central2","displayName":"Dammam"},{"name":"projects/ricota-a3eca/locations/me-west1","labels":{"cloud.googleapis.com/location":"me-west1","cloud.googleapis.com/region":"me-west1"},"metadata":{"@type":"type.googleapis.com/google.firestore.admin.v1.LocationMetadata"},"locationId":"me-west1","displayName":"Tel Aviv"},{"name":"projects/ricota-a3eca/locations/northamerica-northeast1","labels":{"appengine.googleapis.com/region":"northamerica-northeast1","cloud.googleapis.com/location":"northamerica-northeast1","cloud.googleapis.com/region":"northamerica-northeast1"},"metadata":{"@type":"type.googleapis.com/google.firestore.admin.v1.LocationMetadata"},"locationId":"northamerica-northeast1","displayName":"Montréal"},{"name":"projects/ricota-a3eca/locations/northamerica-northeast2","labels":{"cloud.googleapis.com/location":"northamerica-northeast2","cloud.googleapis.com/region":"northamerica-northeast2"},"metadata":{"@type":"type.googleapis.com/google.firestore.admin.v1.LocationMetadata"},"locationId":"northamerica-northeast2","displayName":"Toronto"},{"name":"projects/ricota-a3eca/locations/northamerica-south1","labels":{"cloud.googleapis.com/location":"northamerica-south1","cloud.googleapis.com/region":"northamerica-south1"},"metadata":{"@type":"type.googleapis.com/google.firestore.admin.v1.LocationMetadata"},"locationId":"northamerica-south1","displayName":"Mexico"},{"name":"projects/ricota-a3eca/locations/southamerica-east1","labels":{"appengine.googleapis.com/region":"southamerica-east1","cloud.googleapis.com/location":"southamerica-east1","cloud.googleapis.com/region":"southamerica-east1"},"metadata":{"@type":"type.googleapis.com/google.firestore.admin.v1.LocationMetadata"},"locationId":"southamerica-east1","displayName":"São Paulo"},{"name":"projects/ricota-a3eca/locations/southamerica-west1","labels":{"cloud.googleapis.com/location":"southamerica-west1","cloud.googleapis.com/region":"southamerica-west1"},"metadata":{"@type":"type.googleapis.com/google.firestore.admin.v1.LocationMetadata"},"locationId":"southamerica-west1","displayName":"Santiago"},{"name":"projects/ricota-a3eca/locations/us-central1","labels":{"cloud.googleapis.com/location":"us-central1","cloud.googleapis.com/region":"us-central1"},"metadata":{"@type":"type.googleapis.com/google.firestore.admin.v1.LocationMetadata"},"locationId":"us-central1","displayName":"Iowa"},{"name":"projects/ricota-a3eca/locations/us-east1","labels":{"appengine.googleapis.com/region":"us-east1","cloud.googleapis.com/location":"us-east1","cloud.googleapis.com/region":"us-east1"},"metadata":{"@type":"type.googleapis.com/google.firestore.admin.v1.LocationMetadata"},"locationId":"us-east1","displayName":"South Carolina"},{"name":"projects/ricota-a3eca/locations/us-east4","labels":{"appengine.googleapis.com/region":"us-east4","cloud.googleapis.com/location":"us-east4","cloud.googleapis.com/region":"us-east4"},"metadata":{"@type":"type.googleapis.com/google.firestore.admin.v1.LocationMetadata"},"locationId":"us-east4","displayName":"Northern Virginia"},{"name":"projects/ricota-a3eca/locations/us-east5","labels":{"cloud.googleapis.com/location":"us-east5","cloud.googleapis.com/region":"us-east5"},"metadata":{"@type":"type.googleapis.com/google.firestore.admin.v1.LocationMetadata"},"locationId":"us-east5","displayName":"Columbus"},{"name":"projects/ricota-a3eca/locations/us-south1","labels":{"cloud.googleapis.com/location":"us-south1","cloud.googleapis.com/region":"us-south1"},"metadata":{"@type":"type.googleapis.com/google.firestore.admin.v1.LocationMetadata"},"locationId":"us-south1","displayName":"Dallas"},{"name":"projects/ricota-a3eca/locations/us-west1","labels":{"appengine.googleapis.com/region":"us-west1","cloud.googleapis.com/location":"us-west1","cloud.googleapis.com/region":"us-west1"},"metadata":{"@type":"type.googleapis.com/google.firestore.admin.v1.LocationMetadata"},"locationId":"us-west1","displayName":"Oregon"},{"name":"projects/ricota-a3eca/locations/us-west2","labels":{"appengine.googleapis.com/region":"us-west2","cloud.googleapis.com/location":"us-west2","cloud.googleapis.com/region":"us-west2"},"metadata":{"@type":"type.googleapis.com/google.firestore.admin.v1.LocationMetadata"},"locationId":"us-west2","displayName":"Los Angeles"},{"name":"projects/ricota-a3eca/locations/us-west3","labels":{"appengine.googleapis.com/region":"us-west3","cloud.googleapis.com/location":"us-west3","cloud.googleapis.com/region":"us-west3"},"metadata":{"@type":"type.googleapis.com/google.firestore.admin.v1.LocationMetadata"},"locationId":"us-west3","displayName":"Salt Lake City"},{"name":"projects/ricota-a3eca/locations/us-west4","labels":{"appengine.googleapis.com/region":"us-west4","cloud.googleapis.com/location":"us-west4","cloud.googleapis.com/region":"us-west4"},"metadata":{"@type":"type.googleapis.com/google.firestore.admin.v1.LocationMetadata"},"locationId":"us-west4","displayName":"Las Vegas"}]}
[info] 
[info] Firestore Security Rules allow you to define how and when to allow
[info] requests. You can keep these rules in your project directory
[info] and publish them with firebase deploy.
[info] 
[debug] [2026-03-15T09:46:39.307Z] Checked if tokens are valid: true, expires at: 1773571208637
[debug] [2026-03-15T09:46:39.307Z] Checked if tokens are valid: true, expires at: 1773571208637
[debug] [2026-03-15T09:46:39.308Z] >>> [apiv2][query] GET https://firebaserules.googleapis.com/v1/projects/ricota-a3eca/releases pageSize=10&pageToken=
[debug] [2026-03-15T09:46:39.681Z] <<< [apiv2][status] GET https://firebaserules.googleapis.com/v1/projects/ricota-a3eca/releases 200
[debug] [2026-03-15T09:46:39.682Z] <<< [apiv2][body] GET https://firebaserules.googleapis.com/v1/projects/ricota-a3eca/releases {}
[info] i  firestore.rules is unchanged 
[info] 
[info] Firestore indexes allow you to perform complex queries while
[info] maintaining performance that scales with the size of the result
[info] set. You can keep index definitions in your project directory
[info] and publish them with firebase deploy.
[info] 
[debug] [2026-03-15T09:46:40.509Z] Checked if tokens are valid: true, expires at: 1773571208637
[debug] [2026-03-15T09:46:40.509Z] Checked if tokens are valid: true, expires at: 1773571208637
[debug] [2026-03-15T09:46:40.510Z] Checked if tokens are valid: true, expires at: 1773571208637
[debug] [2026-03-15T09:46:40.510Z] Checked if tokens are valid: true, expires at: 1773571208637
[debug] [2026-03-15T09:46:40.510Z] >>> [apiv2][query] GET https://firestore.googleapis.com/v1/projects/ricota-a3eca/databases/(default)/collectionGroups/-/indexes [none]
[debug] [2026-03-15T09:46:40.510Z] >>> [apiv2][query] GET https://firestore.googleapis.com/v1/projects/ricota-a3eca/databases/(default)/collectionGroups/-/fields?filter=indexConfig.usesAncestorConfig=false OR ttlConfig:* [none]
[debug] [2026-03-15T09:46:40.848Z] <<< [apiv2][status] GET https://firestore.googleapis.com/v1/projects/ricota-a3eca/databases/(default)/collectionGroups/-/indexes 404
[debug] [2026-03-15T09:46:40.848Z] <<< [apiv2][body] GET https://firestore.googleapis.com/v1/projects/ricota-a3eca/databases/(default)/collectionGroups/-/indexes {"error":{"code":404,"message":"Project 'ricota-a3eca' or database '(default)' does not exist.","status":"NOT_FOUND"}}
[info] i  firestore.indexes.json is unchanged 
[info] 
=== Hosting Setup
[debug] [2026-03-15T09:46:42.481Z] <<< [apiv2][status] GET https://firestore.googleapis.com/v1/projects/ricota-a3eca/databases/(default)/collectionGroups/-/fields?filter=indexConfig.usesAncestorConfig=false OR ttlConfig:* 404
[debug] [2026-03-15T09:46:42.481Z] <<< [apiv2][body] GET https://firestore.googleapis.com/v1/projects/ricota-a3eca/databases/(default)/collectionGroups/-/fields?filter=indexConfig.usesAncestorConfig=false OR ttlConfig:* {"error":{"code":404,"message":"Project 'ricota-a3eca' or database '(default)' does not exist.","status":"NOT_FOUND"}}
[debug] [2026-03-15T09:46:43.383Z] Checked if tokens are valid: true, expires at: 1773571208637
[debug] [2026-03-15T09:46:43.384Z] Checked if tokens are valid: true, expires at: 1773571208637
[debug] [2026-03-15T09:46:43.384Z] >>> [apiv2][query] GET https://firebase.googleapis.com/v1beta1/projects/ricota-a3eca [none]
[debug] [2026-03-15T09:46:43.694Z] <<< [apiv2][status] GET https://firebase.googleapis.com/v1beta1/projects/ricota-a3eca 200
[debug] [2026-03-15T09:46:43.694Z] <<< [apiv2][body] GET https://firebase.googleapis.com/v1beta1/projects/ricota-a3eca {"projectId":"ricota-a3eca","projectNumber":"231445083316","displayName":"Ricota","name":"projects/ricota-a3eca","resources":{"hostingSite":"ricota-a3eca"},"state":"ACTIVE","etag":"1_1b72576d-1530-4fd3-ae36-47306d4ab5fd"}
[info] 
[info] Your public directory is the folder (relative to your project directory) that
[info] will contain Hosting assets to be uploaded with firebase deploy. If you
[info] have a build process for your assets, use your build's output directory.
[info] 
[info] 
[info] i  Didn't detect a .git folder. Assuming /Users/xgea/Desktop/RICOTA/RICOTA is the project root. 
[info] i  Authorizing with GitHub to upload your service account to a GitHub repository's secrets store. 
[info] 
[info] Visit this URL on this device to log in:
[info] https://github.com/login/oauth/authorize?client_id=89cf50f02ac6aaed3484&state=1036730700&redirect_uri=http%3A%2F%2Flocalhost%3A9005&scope=read%3Auser%20repo%20public_repo
[info] 
[info] Waiting for authentication...
[debug] [2026-03-15T09:47:50.214Z] >>> [apiv2][query] POST https://github.com/login/oauth/access_token [none]
[debug] [2026-03-15T09:47:50.214Z] >>> [apiv2][body] POST https://github.com/login/oauth/access_token [stream]
[debug] [2026-03-15T09:47:51.206Z] <<< [apiv2][status] POST https://github.com/login/oauth/access_token 200
[debug] [2026-03-15T09:47:51.206Z] <<< [apiv2][body] POST https://github.com/login/oauth/access_token {"access_token":"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","token_type":"bearer","scope":"read:user,repo"}
[debug] [2026-03-15T09:47:51.214Z] >>> [apiv2][query] GET https://api.github.com/user [none]
[debug] [2026-03-15T09:47:51.613Z] <<< [apiv2][status] GET https://api.github.com/user 200
[debug] [2026-03-15T09:47:51.613Z] <<< [apiv2][body] GET https://api.github.com/user {"login":"xGeaa","id":128032281,"node_id":"U_kgDOB6GeGQ","avatar_url":"https://avatars.githubusercontent.com/u/128032281?v=4","gravatar_id":"","url":"https://api.github.com/users/xGeaa","html_url":"https://github.com/xGeaa","followers_url":"https://api.github.com/users/xGeaa/followers","following_url":"https://api.github.com/users/xGeaa/following{/other_user}","gists_url":"https://api.github.com/users/xGeaa/gists{/gist_id}","starred_url":"https://api.github.com/users/xGeaa/starred{/owner}{/repo}","subscriptions_url":"https://api.github.com/users/xGeaa/subscriptions","organizations_url":"https://api.github.com/users/xGeaa/orgs","repos_url":"https://api.github.com/users/xGeaa/repos","events_url":"https://api.github.com/users/xGeaa/events{/privacy}","received_events_url":"https://api.github.com/users/xGeaa/received_events","type":"User","user_view_type":"private","site_admin":false,"name":null,"company":null,"blog":"","location":null,"email":null,"hireable":null,"bio":null,"twitter_username":null,"notification_email":null,"public_repos":1,"public_gists":0,"followers":1,"following":0,"created_at":"2023-03-16T08:34:53Z","updated_at":"2025-06-06T16:52:51Z","private_gists":0,"total_private_repos":8,"owned_private_repos":8,"disk_usage":15930,"collaborators":2,"two_factor_authentication":false,"plan":{"name":"free","space":976562499,"collaborators":0,"private_repos":10000}}
[info] 
[info] ✔  Success! Logged into GitHub as xGeaa 
[info] 
